<?xml version="1.0" encoding="UTF-8"?>
<testsuite xmlns:xsi="http://www.w3.org/2001/XMLSchema-instance" xsi:noNamespaceSchemaLocation="https://maven.apache.org/surefire/maven-surefire-plugin/xsd/surefire-test-report-3.0.xsd" version="3.0" name="acmecollege.entity.TestCRUDProfessor" time="2.922" tests="6" errors="0" skipped="0" failures="0">
  <properties>
[...]
</properties>
  <testcase name="test01_Empty" classname="acmecollege.entity.TestCRUDProfessor" time="0.096">
    <system-out><![CDATA[2023-07-28T20:16:16,266|&amp#27;[33m[WARN ]&amp#27;[m pooling -HHH10001002: Using Hibernate built-in connection pool (not for production use!)
2023-07-28T20:16:17,270|&amp#27;[36m[DEBUG]&amp#27;[m SQL -
    
    use acmecollege
2023-07-28T20:16:17,278|&amp#27;[36m[DEBUG]&amp#27;[m SQL -
    
    SET FOREIGN_KEY_CHECKS = 0
2023-07-28T20:16:17,278|&amp#27;[36m[DEBUG]&amp#27;[m SQL -
    
    TRUNCATE TABLE acmecollege.professor
2023-07-28T20:16:17,289|&amp#27;[36m[DEBUG]&amp#27;[m SQL -
    
    TRUNCATE TABLE acmecollege.student_club
2023-07-28T20:16:17,300|&amp#27;[36m[DEBUG]&amp#27;[m SQL -
    
    TRUNCATE TABLE acmecollege.club_membership
2023-07-28T20:16:17,313|&amp#27;[36m[DEBUG]&amp#27;[m SQL -
    
    TRUNCATE TABLE acmecollege.course_registration
2023-07-28T20:16:17,328|&amp#27;[36m[DEBUG]&amp#27;[m SQL -
    
    TRUNCATE TABLE acmecollege.membership_card
2023-07-28T20:16:17,341|&amp#27;[36m[DEBUG]&amp#27;[m SQL -
    
    TRUNCATE TABLE acmecollege.student
2023-07-28T20:16:17,352|&amp#27;[36m[DEBUG]&amp#27;[m SQL -
    
    TRUNCATE TABLE acmecollege.course
2023-07-28T20:16:17,363|&amp#27;[36m[DEBUG]&amp#27;[m SQL -
    
    SET FOREIGN_KEY_CHECKS = 1
2023-07-28T20:16:17,386|&amp#27;[36m[DEBUG]&amp#27;[m SQL -CREATE SCHEMA IF NOT EXISTS `acmecollege` DEFAULT CHARACTER SET utf8mb4
2023-07-28T20:16:17,400|&amp#27;[36m[DEBUG]&amp#27;[m SQL -
    
    USE `acmecollege`
2023-07-28T20:16:17,401|&amp#27;[36m[DEBUG]&amp#27;[m SQL -
    
    CREATE TABLE IF NOT EXISTS `student` (
          `id` INT NOT NULL AUTO_INCREMENT,
          `first_name` VARCHAR(50) NOT NULL,
          `last_name` VARCHAR(50) NOT NULL,
          `created` DATETIME NULL,
          `updated` DATETIME NULL,
          `version` BIGINT NOT NULL DEFAULT 1,
          PRIMARY KEY (`id`) 
    )
2023-07-28T20:16:17,404|&amp#27;[36m[DEBUG]&amp#27;[m SQL -
    
    CREATE TABLE IF NOT EXISTS `student_club` (
          `club_id` INT NOT NULL AUTO_INCREMENT,
          `name` VARCHAR(100) NOT NULL,
          `academic` BIT(1) NOT NULL,
          `created` DATETIME NULL,
          `updated` DATETIME NULL,
          `version` BIGINT NOT NULL DEFAULT 1,
          PRIMARY KEY (`club_id`),
          UNIQUE INDEX `name_UNIQUE` (`name` ASC) VISIBLE 
    )
2023-07-28T20:16:17,407|&amp#27;[36m[DEBUG]&amp#27;[m SQL -
    
    CREATE TABLE IF NOT EXISTS `club_membership` (
          `membership_id` INT NOT NULL AUTO_INCREMENT,
          `club_id` INT NOT NULL,
          `start_date` DATETIME NOT NULL,
          `end_date` DATETIME NOT NULL,
          `active` BIT(1) NOT NULL,
          `created` DATETIME NULL,
          `updated` DATETIME NULL,
          `version` BIGINT NOT NULL DEFAULT 1,
          PRIMARY KEY (`membership_id`),
          INDEX `fk_club_membership_student_club1_idx` (`club_id` ASC) VISIBLE,
          CONSTRAINT `fk_club_membership_student_club1`     FOREIGN KEY (`club_id`) REFERENCES `student_club` (`club_id`) ON DELETE NO ACTION ON UPDATE NO ACTION 
    )
2023-07-28T20:16:17,409|&amp#27;[36m[DEBUG]&amp#27;[m SQL -
    
    CREATE TABLE IF NOT EXISTS `membership_card` (
          `card_id` INT NOT NULL AUTO_INCREMENT,
          `student_id` INT NOT NULL,
          `membership_id` INT NULL,
          `signed` BIT(1) NOT NULL,
          `created` DATETIME NULL,
          `updated` DATETIME NULL,
          `version` BIGINT NOT NULL DEFAULT 1,
          INDEX `fk_membership_card_student1_idx` (`student_id` ASC) VISIBLE,
          INDEX `fk_membership_card_club_membership1_idx` (`membership_id` ASC) VISIBLE,
          UNIQUE INDEX `card_id_UNIQUE` (`card_id` ASC) VISIBLE,
          PRIMARY KEY (`card_id`),
          CONSTRAINT `fk_membership_card_student1`     FOREIGN KEY (`student_id`)     REFERENCES `student` (`id`)     ON DELETE NO ACTION     ON UPDATE NO ACTION,
          CONSTRAINT `fk_membership_card_club_membership1`     FOREIGN KEY (`membership_id`)     REFERENCES `club_membership` (`membership_id`)     ON DELETE NO ACTION     ON UPDATE NO ACTION 
    )
2023-07-28T20:16:17,412|&amp#27;[36m[DEBUG]&amp#27;[m SQL -
    
    CREATE TABLE IF NOT EXISTS `professor` (
          `professor_id` INT NOT NULL AUTO_INCREMENT,
          `first_name` VARCHAR(50) NOT NULL,
          `last_name` VARCHAR(50) NOT NULL,
          `department` VARCHAR(50) NOT NULL,
          `created` DATETIME NULL,
          `updated` DATETIME NULL,
          `version` BIGINT NOT NULL DEFAULT 1,
          PRIMARY KEY (`professor_id`) 
    )
2023-07-28T20:16:17,415|&amp#27;[36m[DEBUG]&amp#27;[m SQL -
    
    CREATE TABLE IF NOT EXISTS `course` (
          `course_id` INT NOT NULL AUTO_INCREMENT,
          `course_code` VARCHAR(7) NOT NULL,
          `course_title` VARCHAR(100) NOT NULL,
          `year` INT NOT NULL,
          `semester` VARCHAR(6) NOT NULL,
          `credit_units` INT NOT NULL,
          `online` BIT(1) NOT NULL,
          `created` DATETIME NULL,
          `updated` DATETIME NULL,
          `version` BIGINT NOT NULL DEFAULT 1,
          PRIMARY KEY (`course_id`) 
    )
2023-07-28T20:16:17,420|&amp#27;[36m[DEBUG]&amp#27;[m SQL -
    
    CREATE TABLE IF NOT EXISTS `course_registration` (
          `student_id` INT NOT NULL,
          `course_id` INT NOT NULL,
          `numeric_grade` INT NULL,
          `letter_grade` VARCHAR(3) NULL,
          `professor_id` INT NULL,
          `created` DATETIME NULL,
          `updated` DATETIME NULL,
          `version` BIGINT NOT NULL DEFAULT 1,
          PRIMARY KEY (`student_id`, `course_id`),
          INDEX `fk_course_registration_course1_idx` (`course_id` ASC) VISIBLE,
          INDEX `fk_course_registration_student1_idx` (`student_id` ASC) VISIBLE,
          CONSTRAINT `fk_course_registration_professor1`     FOREIGN KEY (`professor_id`)     REFERENCES `professor` (`professor_id`)     ON DELETE NO ACTION     ON UPDATE NO ACTION,
          CONSTRAINT `fk_course_registration_course1`     FOREIGN KEY (`course_id`)     REFERENCES `course` (`course_id`)     ON DELETE NO ACTION     ON UPDATE NO ACTION,
          CONSTRAINT `fk_course_registration_student1`     FOREIGN KEY (`student_id`)     REFERENCES `student` (`id`)     ON DELETE NO ACTION     ON UPDATE NO ACTION 
    )
2023-07-28T20:16:17,612|&amp#27;[36m[DEBUG]&amp#27;[m SQL -
    /* delete MembershipCard as generatedAlias0 
    where
        1=1 */ delete 
        from
            membership_card 
        where
            1=1
2023-07-28T20:16:17,627|&amp#27;[36m[DEBUG]&amp#27;[m SQL -
    /* delete ClubMembership as generatedAlias0 
    where
        1=1 */ delete 
        from
            club_membership 
        where
            1=1
2023-07-28T20:16:17,629|&amp#27;[36m[DEBUG]&amp#27;[m SQL -
    /* delete CourseRegistration as generatedAlias0 
    where
        1=1 */ delete 
        from
            course_registration 
        where
            1=1
2023-07-28T20:16:17,635|&amp#27;[36m[DEBUG]&amp#27;[m SQL -
    /* delete Course as generatedAlias0 
    where
        1=1 */ delete 
        from
            course 
        where
            1=1
2023-07-28T20:16:17,638|&amp#27;[36m[DEBUG]&amp#27;[m SQL -
    /* delete Student as generatedAlias0 
    where
        1=1 */ delete 
        from
            student 
        where
            1=1
2023-07-28T20:16:17,640|&amp#27;[36m[DEBUG]&amp#27;[m SQL -
    /* delete Professor as generatedAlias0 
    where
        1=1 */ delete 
        from
            professor 
        where
            1=1
2023-07-28T20:16:17,689|&amp#27;[36m[DEBUG]&amp#27;[m SQL -
    /* select
        count(generatedAlias0) 
    from
        Professor as generatedAlias0 */ select
            count(professor0_.professor_id) as col_0_0_ 
        from
            professor professor0_
]]></system-out>
  </testcase>
  <testcase name="test02_Create" classname="acmecollege.entity.TestCRUDProfessor" time="0.086">
    <system-out><![CDATA[2023-07-28T20:16:17,787|&amp#27;[36m[DEBUG]&amp#27;[m SQL -
    /* insert acmecollege.entity.Professor
        */ insert 
        into
            professor
            (created, updated, version, department, first_name, last_name) 
        values
            (?, ?, ?, ?, ?, ?)
2023-07-28T20:16:17,790|&amp#27;[30m[TRACE]&amp#27;[m BasicBinder -binding parameter [1] as [TIMESTAMP] - [2023-07-28T20:16:17.761025]
2023-07-28T20:16:17,791|&amp#27;[30m[TRACE]&amp#27;[m BasicBinder -binding parameter [2] as [TIMESTAMP] - [2023-07-28T20:16:17.761025]
2023-07-28T20:16:17,792|&amp#27;[30m[TRACE]&amp#27;[m BasicBinder -binding parameter [3] as [INTEGER] - [0]
2023-07-28T20:16:17,792|&amp#27;[30m[TRACE]&amp#27;[m BasicBinder -binding parameter [4] as [VARCHAR] - [Tech]
2023-07-28T20:16:17,793|&amp#27;[30m[TRACE]&amp#27;[m BasicBinder -binding parameter [5] as [VARCHAR] - [Jane]
2023-07-28T20:16:17,793|&amp#27;[30m[TRACE]&amp#27;[m BasicBinder -binding parameter [6] as [VARCHAR] - [Doe]
2023-07-28T20:16:17,828|&amp#27;[36m[DEBUG]&amp#27;[m SQL -
    /* select
        count(generatedAlias0) 
    from
        Professor as generatedAlias0 
    where
        generatedAlias0.id=:id */ select
            count(professor0_.professor_id) as col_0_0_ 
        from
            professor professor0_ 
        where
            professor0_.professor_id=?
2023-07-28T20:16:17,829|&amp#27;[30m[TRACE]&amp#27;[m BasicBinder -binding parameter [1] as [INTEGER] - [1]
]]></system-out>
  </testcase>
  <testcase name="test03_CreateInvalid" classname="acmecollege.entity.TestCRUDProfessor" time="0.015"/>
  <testcase name="test04_Read" classname="acmecollege.entity.TestCRUDProfessor" time="0.019">
    <system-out><![CDATA[2023-07-28T20:16:17,852|&amp#27;[36m[DEBUG]&amp#27;[m SQL -
    /* select
        generatedAlias0 
    from
        Professor as generatedAlias0 */ select
            professor0_.professor_id as professo1_4_,
            professor0_.created as created2_4_,
            professor0_.updated as updated3_4_,
            professor0_.version as version4_4_,
            professor0_.department as departme5_4_,
            professor0_.first_name as first_na6_4_,
            professor0_.last_name as last_nam7_4_ 
        from
            professor professor0_
]]></system-out>
  </testcase>
  <testcase name="test05_ReadDependencies" classname="acmecollege.entity.TestCRUDProfessor" time="0.008">
    <system-out><![CDATA[2023-07-28T20:16:17,875|&amp#27;[36m[DEBUG]&amp#27;[m SQL -
    /* select
        generatedAlias0 
    from
        Professor as generatedAlias0 
    where
        generatedAlias0.id=:id */ select
            professor0_.professor_id as professo1_4_,
            professor0_.created as created2_4_,
            professor0_.updated as updated3_4_,
            professor0_.version as version4_4_,
            professor0_.department as departme5_4_,
            professor0_.first_name as first_na6_4_,
            professor0_.last_name as last_nam7_4_ 
        from
            professor professor0_ 
        where
            professor0_.professor_id=?
2023-07-28T20:16:17,876|&amp#27;[30m[TRACE]&amp#27;[m BasicBinder -binding parameter [1] as [INTEGER] - [1]
]]></system-out>
  </testcase>
  <testcase name="test06_Update" classname="acmecollege.entity.TestCRUDProfessor" time="0.028">
    <system-out><![CDATA[2023-07-28T20:16:17,884|&amp#27;[36m[DEBUG]&amp#27;[m SQL -
    /* select
        generatedAlias0 
    from
        Professor as generatedAlias0 
    where
        generatedAlias0.id=:id */ select
            professor0_.professor_id as professo1_4_,
            professor0_.created as created2_4_,
            professor0_.updated as updated3_4_,
            professor0_.version as version4_4_,
            professor0_.department as departme5_4_,
            professor0_.first_name as first_na6_4_,
            professor0_.last_name as last_nam7_4_ 
        from
            professor professor0_ 
        where
            professor0_.professor_id=?
2023-07-28T20:16:17,885|&amp#27;[30m[TRACE]&amp#27;[m BasicBinder -binding parameter [1] as [INTEGER] - [1]
2023-07-28T20:16:17,899|&amp#27;[36m[DEBUG]&amp#27;[m SQL -
    /* update
        acmecollege.entity.Professor */ update
            professor 
        set
            updated=?,
            version=?,
            department=?,
            first_name=?,
            last_name=? 
        where
            professor_id=? 
            and version=?
2023-07-28T20:16:17,899|&amp#27;[30m[TRACE]&amp#27;[m BasicBinder -binding parameter [1] as [TIMESTAMP] - [2023-07-28T20:16:17.892674]
2023-07-28T20:16:17,900|&amp#27;[30m[TRACE]&amp#27;[m BasicBinder -binding parameter [2] as [INTEGER] - [1]
2023-07-28T20:16:17,900|&amp#27;[30m[TRACE]&amp#27;[m BasicBinder -binding parameter [3] as [VARCHAR] - [Tech]
2023-07-28T20:16:17,900|&amp#27;[30m[TRACE]&amp#27;[m BasicBinder -binding parameter [4] as [VARCHAR] - [Updated First Name]
2023-07-28T20:16:17,900|&amp#27;[30m[TRACE]&amp#27;[m BasicBinder -binding parameter [5] as [VARCHAR] - [Updated Last Name]
2023-07-28T20:16:17,900|&amp#27;[30m[TRACE]&amp#27;[m BasicBinder -binding parameter [6] as [INTEGER] - [1]
2023-07-28T20:16:17,900|&amp#27;[30m[TRACE]&amp#27;[m BasicBinder -binding parameter [7] as [INTEGER] - [0]
2023-07-28T20:16:17,905|&amp#27;[36m[DEBUG]&amp#27;[m SQL -
    /* select
        generatedAlias0 
    from
        Professor as generatedAlias0 
    where
        generatedAlias0.id=:id */ select
            professor0_.professor_id as professo1_4_,
            professor0_.created as created2_4_,
            professor0_.updated as updated3_4_,
            professor0_.version as version4_4_,
            professor0_.department as departme5_4_,
            professor0_.first_name as first_na6_4_,
            professor0_.last_name as last_nam7_4_ 
        from
            professor professor0_ 
        where
            professor0_.professor_id=?
2023-07-28T20:16:17,906|&amp#27;[30m[TRACE]&amp#27;[m BasicBinder -binding parameter [1] as [INTEGER] - [1]
]]></system-out>
  </testcase>
</testsuite>