<?xml version="1.0" encoding="UTF-8"?>
<testsuite xmlns:xsi="http://www.w3.org/2001/XMLSchema-instance" xsi:noNamespaceSchemaLocation="https://maven.apache.org/surefire/maven-surefire-plugin/xsd/surefire-test-report-3.0.xsd" version="3.0" name="acmecollege.entity.TestCRUDCourse" time="0.344" tests="6" errors="0" skipped="0" failures="0">
  <properties>
[...]
</properties>
  <testcase name="test01_Empty" classname="acmecollege.entity.TestCRUDCourse" time="0.009">
    <system-out><![CDATA[2023-07-28T20:16:18,683|&amp#27;[33m[WARN ]&amp#27;[m pooling -HHH10001002: Using Hibernate built-in connection pool (not for production use!)
2023-07-28T20:16:18,809|&amp#27;[36m[DEBUG]&amp#27;[m SQL -
    
    use acmecollege
2023-07-28T20:16:18,810|&amp#27;[36m[DEBUG]&amp#27;[m SQL -
    
    SET FOREIGN_KEY_CHECKS = 0
2023-07-28T20:16:18,811|&amp#27;[36m[DEBUG]&amp#27;[m SQL -
    
    TRUNCATE TABLE acmecollege.professor
2023-07-28T20:16:18,822|&amp#27;[36m[DEBUG]&amp#27;[m SQL -
    
    TRUNCATE TABLE acmecollege.student_club
2023-07-28T20:16:18,833|&amp#27;[36m[DEBUG]&amp#27;[m SQL -
    
    TRUNCATE TABLE acmecollege.club_membership
2023-07-28T20:16:18,846|&amp#27;[36m[DEBUG]&amp#27;[m SQL -
    
    TRUNCATE TABLE acmecollege.course_registration
2023-07-28T20:16:18,859|&amp#27;[36m[DEBUG]&amp#27;[m SQL -
    
    TRUNCATE TABLE acmecollege.membership_card
2023-07-28T20:16:18,869|&amp#27;[36m[DEBUG]&amp#27;[m SQL -
    
    TRUNCATE TABLE acmecollege.student
2023-07-28T20:16:18,877|&amp#27;[36m[DEBUG]&amp#27;[m SQL -
    
    TRUNCATE TABLE acmecollege.course
2023-07-28T20:16:18,886|&amp#27;[36m[DEBUG]&amp#27;[m SQL -
    
    SET FOREIGN_KEY_CHECKS = 1
2023-07-28T20:16:18,893|&amp#27;[36m[DEBUG]&amp#27;[m SQL -CREATE SCHEMA IF NOT EXISTS `acmecollege` DEFAULT CHARACTER SET utf8mb4
2023-07-28T20:16:18,895|&amp#27;[36m[DEBUG]&amp#27;[m SQL -
    
    USE `acmecollege`
2023-07-28T20:16:18,895|&amp#27;[36m[DEBUG]&amp#27;[m SQL -
    
    CREATE TABLE IF NOT EXISTS `student` (
          `id` INT NOT NULL AUTO_INCREMENT,
          `first_name` VARCHAR(50) NOT NULL,
          `last_name` VARCHAR(50) NOT NULL,
          `created` DATETIME NULL,
          `updated` DATETIME NULL,
          `version` BIGINT NOT NULL DEFAULT 1,
          PRIMARY KEY (`id`) 
    )
2023-07-28T20:16:18,898|&amp#27;[36m[DEBUG]&amp#27;[m SQL -
    
    CREATE TABLE IF NOT EXISTS `student_club` (
          `club_id` INT NOT NULL AUTO_INCREMENT,
          `name` VARCHAR(100) NOT NULL,
          `academic` BIT(1) NOT NULL,
          `created` DATETIME NULL,
          `updated` DATETIME NULL,
          `version` BIGINT NOT NULL DEFAULT 1,
          PRIMARY KEY (`club_id`),
          UNIQUE INDEX `name_UNIQUE` (`name` ASC) VISIBLE 
    )
2023-07-28T20:16:18,900|&amp#27;[36m[DEBUG]&amp#27;[m SQL -
    
    CREATE TABLE IF NOT EXISTS `club_membership` (
          `membership_id` INT NOT NULL AUTO_INCREMENT,
          `club_id` INT NOT NULL,
          `start_date` DATETIME NOT NULL,
          `end_date` DATETIME NOT NULL,
          `active` BIT(1) NOT NULL,
          `created` DATETIME NULL,
          `updated` DATETIME NULL,
          `version` BIGINT NOT NULL DEFAULT 1,
          PRIMARY KEY (`membership_id`),
          INDEX `fk_club_membership_student_club1_idx` (`club_id` ASC) VISIBLE,
          CONSTRAINT `fk_club_membership_student_club1`     FOREIGN KEY (`club_id`) REFERENCES `student_club` (`club_id`) ON DELETE NO ACTION ON UPDATE NO ACTION 
    )
2023-07-28T20:16:18,902|&amp#27;[36m[DEBUG]&amp#27;[m SQL -
    
    CREATE TABLE IF NOT EXISTS `membership_card` (
          `card_id` INT NOT NULL AUTO_INCREMENT,
          `student_id` INT NOT NULL,
          `membership_id` INT NULL,
          `signed` BIT(1) NOT NULL,
          `created` DATETIME NULL,
          `updated` DATETIME NULL,
          `version` BIGINT NOT NULL DEFAULT 1,
          INDEX `fk_membership_card_student1_idx` (`student_id` ASC) VISIBLE,
          INDEX `fk_membership_card_club_membership1_idx` (`membership_id` ASC) VISIBLE,
          UNIQUE INDEX `card_id_UNIQUE` (`card_id` ASC) VISIBLE,
          PRIMARY KEY (`card_id`),
          CONSTRAINT `fk_membership_card_student1`     FOREIGN KEY (`student_id`)     REFERENCES `student` (`id`)     ON DELETE NO ACTION     ON UPDATE NO ACTION,
          CONSTRAINT `fk_membership_card_club_membership1`     FOREIGN KEY (`membership_id`)     REFERENCES `club_membership` (`membership_id`)     ON DELETE NO ACTION     ON UPDATE NO ACTION 
    )
2023-07-28T20:16:18,905|&amp#27;[36m[DEBUG]&amp#27;[m SQL -
    
    CREATE TABLE IF NOT EXISTS `professor` (
          `professor_id` INT NOT NULL AUTO_INCREMENT,
          `first_name` VARCHAR(50) NOT NULL,
          `last_name` VARCHAR(50) NOT NULL,
          `department` VARCHAR(50) NOT NULL,
          `created` DATETIME NULL,
          `updated` DATETIME NULL,
          `version` BIGINT NOT NULL DEFAULT 1,
          PRIMARY KEY (`professor_id`) 
    )
2023-07-28T20:16:18,907|&amp#27;[36m[DEBUG]&amp#27;[m SQL -
    
    CREATE TABLE IF NOT EXISTS `course` (
          `course_id` INT NOT NULL AUTO_INCREMENT,
          `course_code` VARCHAR(7) NOT NULL,
          `course_title` VARCHAR(100) NOT NULL,
          `year` INT NOT NULL,
          `semester` VARCHAR(6) NOT NULL,
          `credit_units` INT NOT NULL,
          `online` BIT(1) NOT NULL,
          `created` DATETIME NULL,
          `updated` DATETIME NULL,
          `version` BIGINT NOT NULL DEFAULT 1,
          PRIMARY KEY (`course_id`) 
    )
2023-07-28T20:16:18,908|&amp#27;[36m[DEBUG]&amp#27;[m SQL -
    
    CREATE TABLE IF NOT EXISTS `course_registration` (
          `student_id` INT NOT NULL,
          `course_id` INT NOT NULL,
          `numeric_grade` INT NULL,
          `letter_grade` VARCHAR(3) NULL,
          `professor_id` INT NULL,
          `created` DATETIME NULL,
          `updated` DATETIME NULL,
          `version` BIGINT NOT NULL DEFAULT 1,
          PRIMARY KEY (`student_id`, `course_id`),
          INDEX `fk_course_registration_course1_idx` (`course_id` ASC) VISIBLE,
          INDEX `fk_course_registration_student1_idx` (`student_id` ASC) VISIBLE,
          CONSTRAINT `fk_course_registration_professor1`     FOREIGN KEY (`professor_id`)     REFERENCES `professor` (`professor_id`)     ON DELETE NO ACTION     ON UPDATE NO ACTION,
          CONSTRAINT `fk_course_registration_course1`     FOREIGN KEY (`course_id`)     REFERENCES `course` (`course_id`)     ON DELETE NO ACTION     ON UPDATE NO ACTION,
          CONSTRAINT `fk_course_registration_student1`     FOREIGN KEY (`student_id`)     REFERENCES `student` (`id`)     ON DELETE NO ACTION     ON UPDATE NO ACTION 
    )
2023-07-28T20:16:18,917|&amp#27;[36m[DEBUG]&amp#27;[m SQL -
    /* delete MembershipCard as generatedAlias0 
    where
        1=1 */ delete 
        from
            membership_card 
        where
            1=1
2023-07-28T20:16:18,918|&amp#27;[36m[DEBUG]&amp#27;[m SQL -
    /* delete ClubMembership as generatedAlias0 
    where
        1=1 */ delete 
        from
            club_membership 
        where
            1=1
2023-07-28T20:16:18,920|&amp#27;[36m[DEBUG]&amp#27;[m SQL -
    /* delete CourseRegistration as generatedAlias0 
    where
        1=1 */ delete 
        from
            course_registration 
        where
            1=1
2023-07-28T20:16:18,922|&amp#27;[36m[DEBUG]&amp#27;[m SQL -
    /* delete Course as generatedAlias0 
    where
        1=1 */ delete 
        from
            course 
        where
            1=1
2023-07-28T20:16:18,923|&amp#27;[36m[DEBUG]&amp#27;[m SQL -
    /* delete Student as generatedAlias0 
    where
        1=1 */ delete 
        from
            student 
        where
            1=1
2023-07-28T20:16:18,925|&amp#27;[36m[DEBUG]&amp#27;[m SQL -
    /* delete Professor as generatedAlias0 
    where
        1=1 */ delete 
        from
            professor 
        where
            1=1
2023-07-28T20:16:18,932|&amp#27;[36m[DEBUG]&amp#27;[m SQL -
    /* select
        count(generatedAlias0) 
    from
        Course as generatedAlias0 */ select
            count(course0_.course_id) as col_0_0_ 
        from
            course course0_
]]></system-out>
  </testcase>
  <testcase name="test02_Create" classname="acmecollege.entity.TestCRUDCourse" time="0.012">
    <system-out><![CDATA[2023-07-28T20:16:18,937|&amp#27;[36m[DEBUG]&amp#27;[m SQL -
    /* insert acmecollege.entity.Course
        */ insert 
        into
            course
            (created, updated, version, course_code, course_title, credit_units, online, semester, year) 
        values
            (?, ?, ?, ?, ?, ?, ?, ?, ?)
2023-07-28T20:16:18,938|&amp#27;[30m[TRACE]&amp#27;[m BasicBinder -binding parameter [1] as [TIMESTAMP] - [2023-07-28T20:16:18.937225]
2023-07-28T20:16:18,938|&amp#27;[30m[TRACE]&amp#27;[m BasicBinder -binding parameter [2] as [TIMESTAMP] - [2023-07-28T20:16:18.937225]
2023-07-28T20:16:18,938|&amp#27;[30m[TRACE]&amp#27;[m BasicBinder -binding parameter [3] as [INTEGER] - [0]
2023-07-28T20:16:18,939|&amp#27;[30m[TRACE]&amp#27;[m BasicBinder -binding parameter [4] as [VARCHAR] - [CS102]
2023-07-28T20:16:18,939|&amp#27;[30m[TRACE]&amp#27;[m BasicBinder -binding parameter [5] as [VARCHAR] - [Data Structures]
2023-07-28T20:16:18,939|&amp#27;[30m[TRACE]&amp#27;[m BasicBinder -binding parameter [6] as [INTEGER] - [3]
2023-07-28T20:16:18,939|&amp#27;[30m[TRACE]&amp#27;[m BasicBinder -binding parameter [7] as [TINYINT] - [0]
2023-07-28T20:16:18,939|&amp#27;[30m[TRACE]&amp#27;[m BasicBinder -binding parameter [8] as [VARCHAR] - [Spring]
2023-07-28T20:16:18,941|&amp#27;[30m[TRACE]&amp#27;[m BasicBinder -binding parameter [9] as [INTEGER] - [2023]
2023-07-28T20:16:18,946|&amp#27;[36m[DEBUG]&amp#27;[m SQL -
    /* select
        count(generatedAlias0) 
    from
        Course as generatedAlias0 
    where
        generatedAlias0.id=:id */ select
            count(course0_.course_id) as col_0_0_ 
        from
            course course0_ 
        where
            course0_.course_id=?
2023-07-28T20:16:18,946|&amp#27;[30m[TRACE]&amp#27;[m BasicBinder -binding parameter [1] as [INTEGER] - [1]
]]></system-out>
  </testcase>
  <testcase name="test03_CreateInvalid" classname="acmecollege.entity.TestCRUDCourse" time="0.007"/>
  <testcase name="test04_Read" classname="acmecollege.entity.TestCRUDCourse" time="0.007">
    <system-out><![CDATA[2023-07-28T20:16:18,959|&amp#27;[36m[DEBUG]&amp#27;[m SQL -
    /* select
        generatedAlias0 
    from
        Course as generatedAlias0 */ select
            course0_.course_id as course_i1_1_,
            course0_.created as created2_1_,
            course0_.updated as updated3_1_,
            course0_.version as version4_1_,
            course0_.course_code as course_c5_1_,
            course0_.course_title as course_t6_1_,
            course0_.credit_units as credit_u7_1_,
            course0_.online as online8_1_,
            course0_.semester as semester9_1_,
            course0_.year as year10_1_ 
        from
            course course0_
]]></system-out>
  </testcase>
  <testcase name="test05_ReadDependencies" classname="acmecollege.entity.TestCRUDCourse" time="0.008">
    <system-out><![CDATA[2023-07-28T20:16:18,972|&amp#27;[36m[DEBUG]&amp#27;[m SQL -
    /* select
        generatedAlias0 
    from
        Course as generatedAlias0 
    where
        generatedAlias0.id=:id */ select
            course0_.course_id as course_i1_1_,
            course0_.created as created2_1_,
            course0_.updated as updated3_1_,
            course0_.version as version4_1_,
            course0_.course_code as course_c5_1_,
            course0_.course_title as course_t6_1_,
            course0_.credit_units as credit_u7_1_,
            course0_.online as online8_1_,
            course0_.semester as semester9_1_,
            course0_.year as year10_1_ 
        from
            course course0_ 
        where
            course0_.course_id=?
2023-07-28T20:16:18,973|&amp#27;[30m[TRACE]&amp#27;[m BasicBinder -binding parameter [1] as [INTEGER] - [1]
]]></system-out>
  </testcase>
  <testcase name="test06_Update" classname="acmecollege.entity.TestCRUDCourse" time="0.013">
    <system-out><![CDATA[2023-07-28T20:16:18,979|&amp#27;[36m[DEBUG]&amp#27;[m SQL -
    /* select
        generatedAlias0 
    from
        Course as generatedAlias0 
    where
        generatedAlias0.id=:id */ select
            course0_.course_id as course_i1_1_,
            course0_.created as created2_1_,
            course0_.updated as updated3_1_,
            course0_.version as version4_1_,
            course0_.course_code as course_c5_1_,
            course0_.course_title as course_t6_1_,
            course0_.credit_units as credit_u7_1_,
            course0_.online as online8_1_,
            course0_.semester as semester9_1_,
            course0_.year as year10_1_ 
        from
            course course0_ 
        where
            course0_.course_id=?
2023-07-28T20:16:18,980|&amp#27;[30m[TRACE]&amp#27;[m BasicBinder -binding parameter [1] as [INTEGER] - [1]
2023-07-28T20:16:18,983|&amp#27;[36m[DEBUG]&amp#27;[m SQL -
    /* update
        acmecollege.entity.Course */ update
            course 
        set
            updated=?,
            version=?,
            course_code=?,
            course_title=?,
            credit_units=?,
            online=?,
            semester=?,
            year=? 
        where
            course_id=? 
            and version=?
2023-07-28T20:16:18,983|&amp#27;[30m[TRACE]&amp#27;[m BasicBinder -binding parameter [1] as [TIMESTAMP] - [2023-07-28T20:16:18.982951]
2023-07-28T20:16:18,983|&amp#27;[30m[TRACE]&amp#27;[m BasicBinder -binding parameter [2] as [INTEGER] - [1]
2023-07-28T20:16:18,984|&amp#27;[30m[TRACE]&amp#27;[m BasicBinder -binding parameter [3] as [VARCHAR] - [CS103]
2023-07-28T20:16:18,984|&amp#27;[30m[TRACE]&amp#27;[m BasicBinder -binding parameter [4] as [VARCHAR] - [Algorithms]
2023-07-28T20:16:18,984|&amp#27;[30m[TRACE]&amp#27;[m BasicBinder -binding parameter [5] as [INTEGER] - [3]
2023-07-28T20:16:18,984|&amp#27;[30m[TRACE]&amp#27;[m BasicBinder -binding parameter [6] as [TINYINT] - [0]
2023-07-28T20:16:18,984|&amp#27;[30m[TRACE]&amp#27;[m BasicBinder -binding parameter [7] as [VARCHAR] - [Spring]
2023-07-28T20:16:18,984|&amp#27;[30m[TRACE]&amp#27;[m BasicBinder -binding parameter [8] as [INTEGER] - [2023]
2023-07-28T20:16:18,984|&amp#27;[30m[TRACE]&amp#27;[m BasicBinder -binding parameter [9] as [INTEGER] - [1]
2023-07-28T20:16:18,984|&amp#27;[30m[TRACE]&amp#27;[m BasicBinder -binding parameter [10] as [INTEGER] - [0]
2023-07-28T20:16:18,988|&amp#27;[36m[DEBUG]&amp#27;[m SQL -
    /* select
        generatedAlias0 
    from
        Course as generatedAlias0 
    where
        generatedAlias0.id=:id */ select
            course0_.course_id as course_i1_1_,
            course0_.created as created2_1_,
            course0_.updated as updated3_1_,
            course0_.version as version4_1_,
            course0_.course_code as course_c5_1_,
            course0_.course_title as course_t6_1_,
            course0_.credit_units as credit_u7_1_,
            course0_.online as online8_1_,
            course0_.semester as semester9_1_,
            course0_.year as year10_1_ 
        from
            course course0_ 
        where
            course0_.course_id=?
2023-07-28T20:16:18,988|&amp#27;[30m[TRACE]&amp#27;[m BasicBinder -binding parameter [1] as [INTEGER] - [1]
]]></system-out>
  </testcase>
</testsuite>